starting worker pid=20008 on localhost:11624 at 19:36:02.079
starting worker pid=31720 on localhost:11624 at 19:36:02.084
starting worker pid=29040 on localhost:11624 at 19:36:02.104
starting worker pid=16364 on localhost:11624 at 19:36:02.112
starting worker pid=2008 on localhost:11624 at 19:36:02.116
starting worker pid=26128 on localhost:11624 at 19:36:02.119
[1] "v1 <-> 1"
[1] "v2 <-> 2"
[1] "v3 <-> 3"
[1] "v1 <-> 1"
[1] "v2 <-> 2"
[1] "v3 <-> 3"
[1] "v1 <-> 1"
[1] "v2 <-> 2"
[1] "v3 <-> 3"
[1] "v1 <-> 1"
[1] "v2 <-> 2"
[1] "v3 <-> 3"
[1] "v1 <-> 1"
[1] "v2 <-> 2"
[1] "v3 <-> 3"
[1] "v1 <-> 1"
[1] "v2 <-> 2"
[1] "v3 <-> 3"
[1] "v1 <-> 1"
[1] "v2 <-> 2"
[1] "v3 <-> 3"
[1] "v1 <-> 1"
[1] "v2 <-> 2"
[1] "v3 <-> 3"
[1] "v1 <-> 1"
[1] "v2 <-> 2"
[1] "v3 <-> 3"
[1] "v1 <-> 1"
[1] "v2 <-> 2"
[1] "v3 <-> 3"
[1] "v1 <-> 1"
[1] "v2 <-> 2"
[1] "v3 <-> 3"
[1] "v1 <-> 1"
[1] "v2 <-> 2"
[1] "v3 <-> 3"
[1] "v1 <-> 1"
[1] "v2 <-> 2"
[1] "v3 <-> 3"
[1] "v1 <-> 1"
[1] "v2 <-> 2"
[1] "v3 <-> 3"
[1] "v1 <-> 1"
[1] "v2 <-> 2"
[1] "v3 <-> 3"
[1] "v1 <-> 1"
[1] "v2 <-> 2"
[1] "v3 <-> 3"
[1] "v1 <-> 1"
[1] "v2 <-> 2"
[1] "v3 <-> 3"
[1] "v1 <-> 1"
[1] "v2 <-> 2"
[1] "v3 <-> 3"
[1] "v1 <-> 1"
[1] "v2 <-> 2"
[1] "v3 <-> 3"
[1] "v1 <-> 1"
[1] "v2 <-> 2"
[1] "v3 <-> 3"
[1] "v1 <-> 1"
[1] "v2 <-> 2"
[1] "v3 <-> 3"
[1] "v1 <-> 1"
[1] "v2 <-> 2"
[1] "v3 <-> 3"
[1] "v1 <-> 1"
[1] "v2 <-> 2"
[1] "v3 <-> 3"
[1] "v1 <-> 1"
[1] "v2 <-> 2"
[1] "v3 <-> 3"
[1] "v1 <-> 1"
[1] "v2 <-> 2"
[1] "v3 <-> 3"
[1] "v1 <-> 1"
[1] "v2 <-> 2"
[1] "v3 <-> 3"
[1] "v1 <-> 1"
[1] "v2 <-> 2"
[1] "v3 <-> 3"
[1] "v1 <-> 1"
[1] "v2 <-> 2"
[1] "v3 <-> 3"
[1] "v1 <-> 1"
[1] "v2 <-> 2"
[1] "v3 <-> 3"
Error in cop@copula@dacopula(u, theta, n.MC = n.MC, log = TRUE) : 
  theta is outside its defined interval
Zusätzlich: Warnmeldungen:
1: In hac2nacopula(hac) : NAs durch Umwandlung erzeugt
2: In hac2nacopula(hac) : NAs durch Umwandlung erzeugt
3: In hac2nacopula(hac) : NAs durch Umwandlung erzeugt
4: In hac2nacopula(hac) : NAs durch Umwandlung erzeugt
5: In hac2nacopula(hac) : NAs durch Umwandlung erzeugt
6: In initOpt(cop@copula@name, interval = FALSE, u = u) :
  initOpt: DMLE for Gumbel = 0.976073974971691 < 1; is set to 1
[1] "v1 <-> 1"
[1] "v2 <-> 2"
[1] "v3 <-> 3"
[1] "v1 <-> 1"
[1] "v2 <-> 2"
[1] "v3 <-> 3"
[1] "v1 <-> 1"
[1] "v2 <-> 2"
[1] "v3 <-> 3"
[1] "v1 <-> 1"
[1] "v2 <-> 2"
[1] "v3 <-> 3"
[1] "v1 <-> 1"
[1] "v2 <-> 2"
[1] "v3 <-> 3"
[1] "v1 <-> 1"
[1] "v2 <-> 2"
[1] "v3 <-> 3"
[1] "v1 <-> 1"
[1] "v2 <-> 2"
[1] "v3 <-> 3"
Error in cop@copula@dacopula(u, theta, n.MC = n.MC, log = TRUE) : 
  theta is outside its defined interval
Zusätzlich: Warnmeldungen:
1: In hac2nacopula(hac) : NAs durch Umwandlung erzeugt
2: In hac2nacopula(hac) : NAs durch Umwandlung erzeugt
3: In hac2nacopula(hac) : NAs durch Umwandlung erzeugt
4: In hac2nacopula(hac) : NAs durch Umwandlung erzeugt
5: In hac2nacopula(hac) : NAs durch Umwandlung erzeugt
6: In hac2nacopula(hac) : NAs durch Umwandlung erzeugt
[1] "v1 <-> 1"
[1] "v2 <-> 2"
[1] "v3 <-> 3"
[1] "v1 <-> 1"
[1] "v2 <-> 2"
[1] "v3 <-> 3"
[1] "v1 <-> 1"
[1] "v2 <-> 2"
[1] "v3 <-> 3"
[1] "v1 <-> 1"
[1] "v2 <-> 2"
[1] "v3 <-> 3"
[1] "v1 <-> 1"
[1] "v2 <-> 2"
[1] "v3 <-> 3"
[1] "v1 <-> 1"
[1] "v2 <-> 2"
[1] "v3 <-> 3"
[1] "v1 <-> 1"
[1] "v2 <-> 2"
[1] "v3 <-> 3"
[1] "v1 <-> 1"
[1] "v2 <-> 2"
[1] "v3 <-> 3"
[1] "v1 <-> 1"
[1] "v2 <-> 2"
[1] "v3 <-> 3"
[1] "v1 <-> 1"
[1] "v2 <-> 2"
[1] "v3 <-> 3"
[1] "v1 <-> 1"
[1] "v2 <-> 2"
[1] "v3 <-> 3"
[1] "v1 <-> 1"
[1] "v2 <-> 2"
[1] "v3 <-> 3"
[1] "v1 <-> 1"
[1] "v2 <-> 2"
[1] "v3 <-> 3"
[1] "v1 <-> 1"
[1] "v2 <-> 2"
[1] "v3 <-> 3"
[1] "v1 <-> 1"
[1] "v2 <-> 2"
[1] "v3 <-> 3"
[1] "v1 <-> 1"
[1] "v2 <-> 2"
[1] "v3 <-> 3"
[1] "v1 <-> 1"
[1] "v2 <-> 2"
[1] "v3 <-> 3"
[1] "v1 <-> 1"
[1] "v2 <-> 2"
[1] "v3 <-> 3"
[1] "v1 <-> 1"
[1] "v2 <-> 2"
[1] "v3 <-> 3"
[1] "v1 <-> 1"
[1] "v2 <-> 2"
[1] "v3 <-> 3"
[1] "v1 <-> 1"
[1] "v2 <-> 2"
[1] "v3 <-> 3"
[1] "v1 <-> 1"
[1] "v2 <-> 2"
[1] "v3 <-> 3"
[1] "v1 <-> 1"
[1] "v2 <-> 2"
[1] "v3 <-> 3"
[1] "v1 <-> 1"
[1] "v2 <-> 2"
[1] "v3 <-> 3"
[1] "v1 <-> 1"
[1] "v2 <-> 2"
[1] "v3 <-> 3"
[1] "v1 <-> 1"
[1] "v2 <-> 2"
[1] "v3 <-> 3"
[1] "v1 <-> 1"
[1] "v2 <-> 2"
[1] "v3 <-> 3"
[1] "v1 <-> 1"
[1] "v2 <-> 2"
[1] "v3 <-> 3"
[1] "v1 <-> 1"
[1] "v2 <-> 2"
[1] "v3 <-> 3"
[1] "v1 <-> 1"
[1] "v2 <-> 2"
[1] "v3 <-> 3"
[1] "v1 <-> 1"
[1] "v2 <-> 2"
[1] "v3 <-> 3"
[1] "v1 <-> 1"
[1] "v2 <-> 2"
[1] "v3 <-> 3"
[1] "v1 <-> 1"
[1] "v2 <-> 2"
[1] "v3 <-> 3"
[1] "v1 <-> 1"
[1] "v2 <-> 2"
[1] "v3 <-> 3"
[1] "v1 <-> 1"
[1] "v2 <-> 2"
[1] "v3 <-> 3"
[1] "v1 <-> 1"
[1] "v2 <-> 2"
[1] "v3 <-> 3"
[1] "v1 <-> 1"
[1] "v2 <-> 2"
[1] "v3 <-> 3"
[1] "v1 <-> 1"
[1] "v2 <-> 2"
[1] "v3 <-> 3"
[1] "v1 <-> 1"
[1] "v2 <-> 2"
[1] "v3 <-> 3"
[1] "v1 <-> 1"
[1] "v2 <-> 2"
[1] "v3 <-> 3"
[1] "v1 <-> 1"
[1] "v2 <-> 2"
[1] "v3 <-> 3"
[1] "v1 <-> 1"
[1] "v2 <-> 2"
[1] "v3 <-> 3"
[1] "v1 <-> 1"
[1] "v2 <-> 2"
[1] "v3 <-> 3"
[1] "v1 <-> 1"
[1] "v2 <-> 2"
[1] "v3 <-> 3"
[1] "v1 <-> 1"
[1] "v2 <-> 2"
[1] "v3 <-> 3"
[1] "v1 <-> 1"
[1] "v2 <-> 2"
[1] "v3 <-> 3"
[1] "v1 <-> 1"
[1] "v2 <-> 2"
[1] "v3 <-> 3"
[1] "v1 <-> 1"
[1] "v2 <-> 2"
[1] "v3 <-> 3"
[1] "v1 <-> 1"
[1] "v2 <-> 2"
[1] "v3 <-> 3"
[1] "v1 <-> 1"
[1] "v2 <-> 2"
[1] "v3 <-> 3"
[1] "v1 <-> 1"
[1] "v2 <-> 2"
[1] "v3 <-> 3"
[1] "v1 <-> 1"
[1] "v2 <-> 2"
[1] "v3 <-> 3"
[1] "v1 <-> 1"
[1] "v2 <-> 2"
[1] "v3 <-> 3"
[1] "v1 <-> 1"
[1] "v2 <-> 2"
[1] "v3 <-> 3"
[1] "v1 <-> 1"
[1] "v2 <-> 2"
[1] "v3 <-> 3"
[1] "v1 <-> 1"
[1] "v2 <-> 2"
[1] "v3 <-> 3"
[1] "v1 <-> 1"
[1] "v2 <-> 2"
[1] "v3 <-> 3"
[1] "v1 <-> 1"
[1] "v2 <-> 2"
[1] "v3 <-> 3"
[1] "v1 <-> 1"
[1] "v2 <-> 2"
[1] "v3 <-> 3"
[1] "v1 <-> 1"
[1] "v2 <-> 2"
[1] "v3 <-> 3"
[1] "v1 <-> 1"
[1] "v2 <-> 2"
[1] "v3 <-> 3"
[1] "v1 <-> 1"
[1] "v2 <-> 2"
[1] "v3 <-> 3"
[1] "v1 <-> 1"
[1] "v2 <-> 2"
[1] "v3 <-> 3"
[1] "v1 <-> 1"
[1] "v2 <-> 2"
[1] "v3 <-> 3"
[1] "v1 <-> 1"
[1] "v2 <-> 2"
[1] "v3 <-> 3"
[1] "v1 <-> 1"
[1] "v2 <-> 2"
[1] "v3 <-> 3"
[1] "v1 <-> 1"
[1] "v2 <-> 2"
[1] "v3 <-> 3"
[1] "v1 <-> 1"
[1] "v2 <-> 2"
[1] "v3 <-> 3"
[1] "v1 <-> 1"
[1] "v2 <-> 2"
[1] "v3 <-> 3"
[1] "v1 <-> 1"
[1] "v2 <-> 2"
[1] "v3 <-> 3"
[1] "v1 <-> 1"
[1] "v2 <-> 2"
[1] "v3 <-> 3"
[1] "v1 <-> 1"
[1] "v2 <-> 2"
[1] "v3 <-> 3"
[1] "v1 <-> 1"
[1] "v2 <-> 2"
[1] "v3 <-> 3"
[1] "v1 <-> 1"
[1] "v2 <-> 2"
[1] "v3 <-> 3"
[1] "v1 <-> 1"
[1] "v2 <-> 2"
[1] "v3 <-> 3"
[1] "v1 <-> 1"
[1] "v2 <-> 2"
[1] "v3 <-> 3"
[1] "v1 <-> 1"
[1] "v2 <-> 2"
[1] "v3 <-> 3"
[1] "v1 <-> 1"
[1] "v2 <-> 2"
[1] "v3 <-> 3"
[1] "v1 <-> 1"
[1] "v2 <-> 2"
[1] "v3 <-> 3"
[1] "v1 <-> 1"
[1] "v2 <-> 2"
[1] "v3 <-> 3"
[1] "v1 <-> 1"
[1] "v2 <-> 2"
[1] "v3 <-> 3"
[1] "v1 <-> 1"
[1] "v2 <-> 2"
[1] "v3 <-> 3"
[1] "v1 <-> 1"
[1] "v2 <-> 2"
[1] "v3 <-> 3"
[1] "v1 <-> 1"
[1] "v2 <-> 2"
[1] "v3 <-> 3"
[1] "v1 <-> 1"
[1] "v2 <-> 2"
[1] "v3 <-> 3"
[1] "v1 <-> 1"
[1] "v2 <-> 2"
[1] "v3 <-> 3"
[1] "v1 <-> 1"
[1] "v2 <-> 2"
[1] "v3 <-> 3"
[1] "v1 <-> 1"
[1] "v2 <-> 2"
[1] "v3 <-> 3"
[1] "v1 <-> 1"
[1] "v2 <-> 2"
[1] "v3 <-> 3"
[1] "v1 <-> 1"
[1] "v2 <-> 2"
[1] "v3 <-> 3"
[1] "v1 <-> 1"
[1] "v2 <-> 2"
[1] "v3 <-> 3"
[1] "v1 <-> 1"
[1] "v2 <-> 2"
[1] "v3 <-> 3"
[1] "v1 <-> 1"
[1] "v2 <-> 2"
[1] "v3 <-> 3"
[1] "v1 <-> 1"
[1] "v2 <-> 2"
[1] "v3 <-> 3"
[1] "v1 <-> 1"
[1] "v2 <-> 2"
[1] "v3 <-> 3"
[1] "v1 <-> 1"
[1] "v2 <-> 2"
[1] "v3 <-> 3"
[1] "v1 <-> 1"
[1] "v2 <-> 2"
[1] "v3 <-> 3"
[1] "v1 <-> 1"
[1] "v2 <-> 2"
[1] "v3 <-> 3"
[1] "v1 <-> 1"
[1] "v2 <-> 2"
[1] "v3 <-> 3"
[1] "v1 <-> 1"
[1] "v2 <-> 2"
[1] "v3 <-> 3"
[1] "v1 <-> 1"
[1] "v2 <-> 2"
[1] "v3 <-> 3"
[1] "v1 <-> 1"
[1] "v2 <-> 2"
[1] "v3 <-> 3"
[1] "v1 <-> 1"
[1] "v2 <-> 2"
[1] "v3 <-> 3"
[1] "v1 <-> 1"
[1] "v2 <-> 2"
[1] "v3 <-> 3"
[1] "v1 <-> 1"
[1] "v2 <-> 2"
[1] "v3 <-> 3"
[1] "v1 <-> 1"
[1] "v2 <-> 2"
[1] "v3 <-> 3"
[1] "v1 <-> 1"
[1] "v2 <-> 2"
[1] "v3 <-> 3"
[1] "v1 <-> 1"
[1] "v2 <-> 2"
[1] "v3 <-> 3"
[1] "v1 <-> 1"
[1] "v2 <-> 2"
[1] "v3 <-> 3"
[1] "v1 <-> 1"
[1] "v2 <-> 2"
[1] "v3 <-> 3"
[1] "v1 <-> 1"
[1] "v2 <-> 2"
[1] "v3 <-> 3"
[1] "v1 <-> 1"
[1] "v2 <-> 2"
[1] "v3 <-> 3"
[1] "v1 <-> 1"
[1] "v2 <-> 2"
[1] "v3 <-> 3"
[1] "v1 <-> 1"
[1] "v2 <-> 2"
[1] "v3 <-> 3"
[1] "v1 <-> 1"
[1] "v2 <-> 2"
[1] "v3 <-> 3"
[1] "v1 <-> 1"
[1] "v2 <-> 2"
[1] "v3 <-> 3"
[1] "v1 <-> 1"
[1] "v2 <-> 2"
[1] "v3 <-> 3"
[1] "v1 <-> 1"
[1] "v2 <-> 2"
[1] "v3 <-> 3"
[1] "v1 <-> 1"
[1] "v2 <-> 2"
[1] "v3 <-> 3"
[1] "v1 <-> 1"
[1] "v2 <-> 2"
[1] "v3 <-> 3"
[1] "v1 <-> 1"
[1] "v2 <-> 2"
[1] "v3 <-> 3"
[1] "v1 <-> 1"
[1] "v2 <-> 2"
[1] "v3 <-> 3"
[1] "v1 <-> 1"
[1] "v2 <-> 2"
[1] "v3 <-> 3"
[1] "v1 <-> 1"
[1] "v2 <-> 2"
[1] "v3 <-> 3"
[1] "v1 <-> 1"
[1] "v2 <-> 2"
[1] "v3 <-> 3"
[1] "v1 <-> 1"
[1] "v2 <-> 2"
[1] "v3 <-> 3"
[1] "v1 <-> 1"
[1] "v2 <-> 2"
[1] "v3 <-> 3"
[1] "v1 <-> 1"
[1] "v2 <-> 2"
[1] "v3 <-> 3"
[1] "v1 <-> 1"
[1] "v2 <-> 2"
[1] "v3 <-> 3"
[1] "v1 <-> 1"
[1] "v2 <-> 2"
[1] "v3 <-> 3"
Error in cop@copula@dacopula(u, theta, n.MC = n.MC, log = TRUE) : 
  theta is outside its defined interval
Zusätzlich: Es gab 34 Warnungen (Anzeige mit warnings())
[1] "v1 <-> 1"
[1] "v2 <-> 2"
[1] "v3 <-> 3"
[1] "v1 <-> 1"
[1] "v2 <-> 2"
[1] "v3 <-> 3"
[1] "v1 <-> 1"
[1] "v2 <-> 2"
[1] "v3 <-> 3"
[1] "v1 <-> 1"
[1] "v2 <-> 2"
[1] "v3 <-> 3"
[1] "v1 <-> 1"
[1] "v2 <-> 2"
[1] "v3 <-> 3"
[1] "v1 <-> 1"
[1] "v2 <-> 2"
[1] "v3 <-> 3"
[1] "v1 <-> 1"
[1] "v2 <-> 2"
[1] "v3 <-> 3"
[1] "v1 <-> 1"
[1] "v2 <-> 2"
[1] "v3 <-> 3"
[1] "v1 <-> 1"
[1] "v2 <-> 2"
[1] "v3 <-> 3"
[1] "v1 <-> 1"
[1] "v2 <-> 2"
[1] "v3 <-> 3"
[1] "v1 <-> 1"
[1] "v2 <-> 2"
[1] "v3 <-> 3"
[1] "v1 <-> 1"
[1] "v2 <-> 2"
[1] "v3 <-> 3"
[1] "v1 <-> 1"
[1] "v2 <-> 2"
[1] "v3 <-> 3"
[1] "v1 <-> 1"
[1] "v2 <-> 2"
[1] "v3 <-> 3"
[1] "v1 <-> 1"
[1] "v2 <-> 2"
[1] "v3 <-> 3"
[1] "v1 <-> 1"
[1] "v2 <-> 2"
[1] "v3 <-> 3"
[1] "v1 <-> 1"
[1] "v2 <-> 2"
[1] "v3 <-> 3"
[1] "v1 <-> 1"
[1] "v2 <-> 2"
[1] "v3 <-> 3"
[1] "v1 <-> 1"
[1] "v2 <-> 2"
[1] "v3 <-> 3"
[1] "v1 <-> 1"
[1] "v2 <-> 2"
[1] "v3 <-> 3"
[1] "v1 <-> 1"
[1] "v2 <-> 2"
[1] "v3 <-> 3"
[1] "v1 <-> 1"
[1] "v2 <-> 2"
[1] "v3 <-> 3"
[1] "v1 <-> 1"
[1] "v2 <-> 2"
[1] "v3 <-> 3"
[1] "v1 <-> 1"
[1] "v2 <-> 2"
[1] "v3 <-> 3"
[1] "v1 <-> 1"
[1] "v2 <-> 2"
[1] "v3 <-> 3"
[1] "v1 <-> 1"
[1] "v2 <-> 2"
[1] "v3 <-> 3"
[1] "v1 <-> 1"
[1] "v2 <-> 2"
[1] "v3 <-> 3"
[1] "v1 <-> 1"
[1] "v2 <-> 2"
[1] "v3 <-> 3"
[1] "v1 <-> 1"
[1] "v2 <-> 2"
[1] "v3 <-> 3"
[1] "v1 <-> 1"
[1] "v2 <-> 2"
[1] "v3 <-> 3"
[1] "v1 <-> 1"
[1] "v2 <-> 2"
[1] "v3 <-> 3"
[1] "v1 <-> 1"
[1] "v2 <-> 2"
[1] "v3 <-> 3"
[1] "v1 <-> 1"
[1] "v2 <-> 2"
[1] "v3 <-> 3"
[1] "v1 <-> 1"
[1] "v2 <-> 2"
[1] "v3 <-> 3"
[1] "v1 <-> 1"
[1] "v2 <-> 2"
[1] "v3 <-> 3"
[1] "v1 <-> 1"
[1] "v2 <-> 2"
[1] "v3 <-> 3"
[1] "v1 <-> 1"
[1] "v2 <-> 2"
[1] "v3 <-> 3"
[1] "v1 <-> 1"
[1] "v2 <-> 2"
[1] "v3 <-> 3"
[1] "v1 <-> 1"
[1] "v2 <-> 2"
[1] "v3 <-> 3"
[1] "v1 <-> 1"
[1] "v2 <-> 2"
[1] "v3 <-> 3"
[1] "v1 <-> 1"
[1] "v2 <-> 2"
[1] "v3 <-> 3"
[1] "v1 <-> 1"
[1] "v2 <-> 2"
[1] "v3 <-> 3"
[1] "v1 <-> 1"
[1] "v2 <-> 2"
[1] "v3 <-> 3"
[1] "v1 <-> 1"
[1] "v2 <-> 2"
[1] "v3 <-> 3"
[1] "v1 <-> 1"
[1] "v2 <-> 2"
[1] "v3 <-> 3"
[1] "v1 <-> 1"
[1] "v2 <-> 2"
[1] "v3 <-> 3"
[1] "v1 <-> 1"
[1] "v2 <-> 2"
[1] "v3 <-> 3"
[1] "v1 <-> 1"
[1] "v2 <-> 2"
[1] "v3 <-> 3"
[1] "v1 <-> 1"
[1] "v2 <-> 2"
[1] "v3 <-> 3"
[1] "v1 <-> 1"
[1] "v2 <-> 2"
[1] "v3 <-> 3"
