starting worker pid=20040 on localhost:11676 at 03:11:11.719
starting worker pid=9668 on localhost:11676 at 03:11:11.720
starting worker pid=1052 on localhost:11676 at 03:11:11.721
starting worker pid=12656 on localhost:11676 at 03:11:11.726
starting worker pid=24128 on localhost:11676 at 03:11:11.743
starting worker pid=22124 on localhost:11676 at 03:11:11.748
Vine -- Error at seed: 260  -  NA/NaN/Inf in 'y'
Vine -- Error at seed: 290  -  NA/NaN/Inf in 'y'
Error in cop@copula@dacopula(u, theta, n.MC = n.MC, log = TRUE) : 
  theta is outside its defined interval
Zusätzlich: Es gab 47 Warnungen (Anzeige mit warnings())
Error in cop@copula@dacopula(u, theta, n.MC = n.MC, log = TRUE) : 
  theta is outside its defined interval
Zusätzlich: Es gab 40 Warnungen (Anzeige mit warnings())
Error in cop@copula@dacopula(u, theta, n.MC = n.MC, log = TRUE) : 
  theta is outside its defined interval
Zusätzlich: Warnmeldung:
In bbmle::mle2(minuslogl = nLL, optimizer = "optimize", lower = interval[1],  :
  couldn't invert Hessian
Vine -- Error at seed: 850  -  NA/NaN/Inf in 'y'
Vine -- Error at seed: 904  -  NA/NaN/Inf in 'y'
Error in cop@copula@dacopula(u, theta, n.MC = n.MC, log = TRUE) : 
  theta is outside its defined interval
Zusätzlich: Es gab 30 Warnungen (Anzeige mit warnings())
Vine -- Error at seed: 1713  -  NA/NaN/Inf in 'y'
Error in cop@copula@dacopula(u, theta, n.MC = n.MC, log = TRUE) : 
  theta is outside its defined interval
Zusätzlich: Es gab 50 oder mehr Warnungen (Anzeige der ersten 50 mit warnings())
Error in cop@copula@dacopula(u, theta, n.MC = n.MC, log = TRUE) : 
  theta is outside its defined interval
Zusätzlich: Es gab 49 Warnungen (Anzeige mit warnings())
Error in cop@copula@dacopula(u, theta, n.MC = n.MC, log = TRUE) : 
  theta is outside its defined interval
Zusätzlich: Warnmeldungen:
1: In bbmle::mle2(minuslogl = nLL, optimizer = "optimize", lower = interval[1],  :
  couldn't invert Hessian
2: In initOpt(cop@copula@name, interval = FALSE, u = u) :
  initOpt: DMLE for Gumbel = -46.1786048913147 < 1; is set to 1
3: In initOpt(cop@copula@name, interval = FALSE, u = u) :
  initOpt: DMLE for Gumbel = -46.1786048913147 < 1; is set to 1
4: In initOpt(cop@copula@name, interval = FALSE, u = u) :
  initOpt: DMLE for Gumbel = -46.1786048913147 < 1; is set to 1
5: In initOpt(cop@copula@name, interval = FALSE, u = u) :
  initOpt: DMLE for Gumbel = 0.958689156335712 < 1; is set to 1
Error in cop@copula@dacopula(u, theta, n.MC = n.MC, log = TRUE) : 
  theta is outside its defined interval
Zusätzlich: Es gab 50 oder mehr Warnungen (Anzeige der ersten 50 mit warnings())
Error in cop@copula@dacopula(u, theta, n.MC = n.MC, log = TRUE) : 
  theta is outside its defined interval
Zusätzlich: Es gab 33 Warnungen (Anzeige mit warnings())
Vine -- Error at seed: 3672  -  NA/NaN/Inf in 'y'
Error in cop@copula@dacopula(u, theta, n.MC = n.MC, log = TRUE) : 
  theta is outside its defined interval
Zusätzlich: Es gab 50 oder mehr Warnungen (Anzeige der ersten 50 mit warnings())
Vine -- Error at seed: 3997  -  NA/NaN/Inf in 'y'
Vine -- Error at seed: 4393  -  NA/NaN/Inf in 'y'
Vine -- Error at seed: 4488  -  NA/NaN/Inf in 'y'
Error in cop@copula@dacopula(u, theta, n.MC = n.MC, log = TRUE) : 
  theta is outside its defined interval
Zusätzlich: Es gab 50 oder mehr Warnungen (Anzeige der ersten 50 mit warnings())
Vine -- Error at seed: 6439  -  NA/NaN/Inf in 'y'
Vine -- Error at seed: 6978  -  NA/NaN/Inf in 'y'
Error in cop@copula@dacopula(u, theta, n.MC = n.MC, log = TRUE) : 
  theta is outside its defined interval
Zusätzlich: Es gab 50 oder mehr Warnungen (Anzeige der ersten 50 mit warnings())
Error in cop@copula@dacopula(u, theta, n.MC = n.MC, log = TRUE) : 
  theta is outside its defined interval
Zusätzlich: Es gab 50 oder mehr Warnungen (Anzeige der ersten 50 mit warnings())
Error in cop@copula@dacopula(u, theta, n.MC = n.MC, log = TRUE) : 
  theta is outside its defined interval
Zusätzlich: Warnmeldungen:
1: In bbmle::mle2(minuslogl = nLL, optimizer = "optimize", lower = interval[1],  :
  couldn't invert Hessian
2: In iTauGumbelCopula(copula, tau) :
  For the Gumbel copula, tau must be >= 0. Replacing negative values by 0.
3: In initOpt(cop@copula@name, interval = FALSE, u = u) :
  initOpt: DMLE for Gumbel = -18.8153576374357 < 1; is set to 1
4: In initOpt(cop@copula@name, interval = FALSE, u = u) :
  initOpt: DMLE for Gumbel = -18.8153576374357 < 1; is set to 1
5: In initOpt(cop@copula@name, interval = FALSE, u = u) :
  initOpt: DMLE for Gumbel = -18.8153576374357 < 1; is set to 1
6: In iTauGumbelCopula(copula, tau) :
  For the Gumbel copula, tau must be >= 0. Replacing negative values by 0.
7: In initOpt(cop@copula@name, interval = FALSE, u = u) :
  initOpt: DMLE for Gumbel = -25.2896650471734 < 1; is set to 1
8: In initOpt(cop@copula@name, interval = FALSE, u = u) :
  initOpt: DMLE for Gumbel = -25.2896650471734 < 1; is set to 1
9: In initOpt(cop@copula@name, interval = FALSE, u = u) :
  initOpt: DMLE for Gumbel = -25.2896650471734 < 1; is set to 1
10: In initOpt(cop@copula@name, interval = FALSE, u = u) :
  initOpt: DMLE for Gumbel = 0.932359681611015 < 1; is set to 1
Error in cop@copula@dacopula(u, theta, n.MC = n.MC, log = TRUE) : 
  theta is outside its defined interval
Zusätzlich: Warnmeldungen:
1: In bbmle::mle2(minuslogl = nLL, optimizer = "optimize", lower = interval[1],  :
  couldn't invert Hessian
2: In initOpt(cop@copula@name, interval = FALSE, u = u) :
  initOpt: DMLE for Gumbel = 0.932359681611015 < 1; is set to 1
3: In initOpt(cop@copula@name, interval = FALSE, u = u) :
  initOpt: DMLE for Gumbel = 0.932359681611015 < 1; is set to 1
4: In iTauGumbelCopula(copula, tau) :
  For the Gumbel copula, tau must be >= 0. Replacing negative values by 0.
Vine -- Error at seed: 7998  -  NA/NaN/Inf in 'y'
Vine -- Error at seed: 8368  -  NA/NaN/Inf in 'y'
Vine -- Error at seed: 8381  -  NA/NaN/Inf in 'y'
Error in cop@copula@dacopula(u, theta, n.MC = n.MC, log = TRUE) : 
  theta is outside its defined interval
Zusätzlich: Es gab 50 oder mehr Warnungen (Anzeige der ersten 50 mit warnings())
Vine -- Error at seed: 8742  -  NA/NaN/Inf in 'y'
Vine -- Error at seed: 8977  -  NA/NaN/Inf in 'y'
Error in cop@copula@dacopula(u, theta, n.MC = n.MC, log = TRUE) : 
  theta is outside its defined interval
Zusätzlich: Es gab 15 Warnungen (Anzeige mit warnings())
Error in cop@copula@dacopula(u, theta, n.MC = n.MC, log = TRUE) : 
  theta is outside its defined interval
Zusätzlich: Es gab 50 oder mehr Warnungen (Anzeige der ersten 50 mit warnings())
Vine -- Error at seed: 9162  -  NA/NaN/Inf in 'y'
Vine -- Error at seed: 9353  -  NA/NaN/Inf in 'y'
Error in cop@copula@dacopula(u, theta, n.MC = n.MC, log = TRUE) : 
  theta is outside its defined interval
Zusätzlich: Es gab 39 Warnungen (Anzeige mit warnings())
Vine -- Error at seed: 10488  -  NA/NaN/Inf in 'y'
Vine -- Error at seed: 10535  -  NA/NaN/Inf in 'y'
Error in cop@copula@dacopula(u, theta, n.MC = n.MC, log = TRUE) : 
  theta is outside its defined interval
Zusätzlich: Es gab 50 oder mehr Warnungen (Anzeige der ersten 50 mit warnings())
Vine -- Error at seed: 10903  -  NA/NaN/Inf in 'y'
Error in cop@copula@dacopula(u, theta, n.MC = n.MC, log = TRUE) : 
  theta is outside its defined interval
Zusätzlich: Es gab 50 oder mehr Warnungen (Anzeige der ersten 50 mit warnings())
Vine -- Error at seed: 11402  -  NA/NaN/Inf in 'y'
Error in cop@copula@dacopula(u, theta, n.MC = n.MC, log = TRUE) : 
  theta is outside its defined interval
Zusätzlich: Es gab 50 oder mehr Warnungen (Anzeige der ersten 50 mit warnings())
Error in cop@copula@dacopula(u, theta, n.MC = n.MC, log = TRUE) : 
  theta is outside its defined interval
Zusätzlich: Warnmeldungen:
1: In bbmle::mle2(minuslogl = nLL, optimizer = "optimize", lower = interval[1],  :
  couldn't invert Hessian
2: In initOpt(cop@copula@name, interval = FALSE, u = u) :
  initOpt: DMLE for Gumbel = 0.886473645872891 < 1; is set to 1
Error in cop@copula@dacopula(u, theta, n.MC = n.MC, log = TRUE) : 
  theta is outside its defined interval
Zusätzlich: Es gab 50 oder mehr Warnungen (Anzeige der ersten 50 mit warnings())
Vine -- Error at seed: 12248  -  NA/NaN/Inf in 'y'
Error in cop@copula@dacopula(u, theta, n.MC = n.MC, log = TRUE) : 
  theta is outside its defined interval
Zusätzlich: Es gab 50 oder mehr Warnungen (Anzeige der ersten 50 mit warnings())
Vine -- Error at seed: 12292  -  NA/NaN/Inf in 'y'
Vine -- Error at seed: 12521  -  NA/NaN/Inf in 'y'
Error in cop@copula@dacopula(u, theta, n.MC = n.MC, log = TRUE) : 
  theta is outside its defined interval
Zusätzlich: Es gab 24 Warnungen (Anzeige mit warnings())
Vine -- Error at seed: 12661  -  NA/NaN/Inf in 'y'
Vine -- Error at seed: 14627  -  NA/NaN/Inf in 'y'
Error in cop@copula@dacopula(u, theta, n.MC = n.MC, log = TRUE) : 
  theta is outside its defined interval
Zusätzlich: Es gab 50 oder mehr Warnungen (Anzeige der ersten 50 mit warnings())
Vine -- Error at seed: 14712  -  NA/NaN/Inf in 'y'
Vine -- Error at seed: 14779  -  NA/NaN/Inf in 'y'
Error in cop@copula@dacopula(u, theta, n.MC = n.MC, log = TRUE) : 
  theta is outside its defined interval
Zusätzlich: Es gab 50 oder mehr Warnungen (Anzeige der ersten 50 mit warnings())
Error in cop@copula@dacopula(u, theta, n.MC = n.MC, log = TRUE) : 
  theta is outside its defined interval
Zusätzlich: Es gab 50 oder mehr Warnungen (Anzeige der ersten 50 mit warnings())
Vine -- Error at seed: 15666  -  NA/NaN/Inf in 'y'
Vine -- Error at seed: 15725  -  NA/NaN/Inf in 'y'
Vine -- Error at seed: 15901  -  NA/NaN/Inf in 'y'
Vine -- Error at seed: 16047  -  NA/NaN/Inf in 'y'
Vine -- Error at seed: 16791  -  NA/NaN/Inf in 'y'
Error in cop@copula@dacopula(u, theta, n.MC = n.MC, log = TRUE) : 
  theta is outside its defined interval
Zusätzlich: Es gab 50 oder mehr Warnungen (Anzeige der ersten 50 mit warnings())
Error in cop@copula@dacopula(u, theta, n.MC = n.MC, log = TRUE) : 
  theta is outside its defined interval
Zusätzlich: Es gab 50 oder mehr Warnungen (Anzeige der ersten 50 mit warnings())
Vine -- Error at seed: 18408  -  NA/NaN/Inf in 'y'
Vine -- Error at seed: 18768  -  NA/NaN/Inf in 'y'
Vine -- Error at seed: 18913  -  NA/NaN/Inf in 'y'
Error in cop@copula@dacopula(u, theta, n.MC = n.MC, log = TRUE) : 
  theta is outside its defined interval
Zusätzlich: Es gab 34 Warnungen (Anzeige mit warnings())
Vine -- Error at seed: 19181  -  NA/NaN/Inf in 'y'
Vine -- Error at seed: 19412  -  NA/NaN/Inf in 'y'
Vine -- Error at seed: 19724  -  NA/NaN/Inf in 'y'
Vine -- Error at seed: 20054  -  NA/NaN/Inf in 'y'
Error in cop@copula@dacopula(u, theta, n.MC = n.MC, log = TRUE) : 
  theta is outside its defined interval
Zusätzlich: Es gab 50 oder mehr Warnungen (Anzeige der ersten 50 mit warnings())
Vine -- Error at seed: 20318  -  NA/NaN/Inf in 'y'
Vine -- Error at seed: 20418  -  NA/NaN/Inf in 'y'
Vine -- Error at seed: 20621  -  NA/NaN/Inf in 'y'
Vine -- Error at seed: 20928  -  NA/NaN/Inf in 'y'
Error in cop@copula@dacopula(u, theta, n.MC = n.MC, log = TRUE) : 
  theta is outside its defined interval
Zusätzlich: Es gab 43 Warnungen (Anzeige mit warnings())
Error in cop@copula@dacopula(u, theta, n.MC = n.MC, log = TRUE) : 
  theta is outside its defined interval
Zusätzlich: Es gab 50 oder mehr Warnungen (Anzeige der ersten 50 mit warnings())
Vine -- Error at seed: 21702  -  NA/NaN/Inf in 'y'
Vine -- Error at seed: 21790  -  NA/NaN/Inf in 'y'
Vine -- Error at seed: 22811  -  NA/NaN/Inf in 'y'
Vine -- Error at seed: 23214  -  NA/NaN/Inf in 'y'
Error in cop@copula@dacopula(u, theta, n.MC = n.MC, log = TRUE) : 
  theta is outside its defined interval
Zusätzlich: Es gab 50 oder mehr Warnungen (Anzeige der ersten 50 mit warnings())
Error in cop@copula@dacopula(u, theta, n.MC = n.MC, log = TRUE) : 
  theta is outside its defined interval
Zusätzlich: Es gab 50 oder mehr Warnungen (Anzeige der ersten 50 mit warnings())
Vine -- Error at seed: 25189  -  NA/NaN/Inf in 'y'
Error in cop@copula@dacopula(u, theta, n.MC = n.MC, log = TRUE) : 
  theta is outside its defined interval
Zusätzlich: Es gab 50 oder mehr Warnungen (Anzeige der ersten 50 mit warnings())
Error in cop@copula@dacopula(u, theta, n.MC = n.MC, log = TRUE) : 
  theta is outside its defined interval
Zusätzlich: Es gab 50 oder mehr Warnungen (Anzeige der ersten 50 mit warnings())
Vine -- Error at seed: 25383  -  NA/NaN/Inf in 'y'
Error in cop@copula@dacopula(u, theta, n.MC = n.MC, log = TRUE) : 
  theta is outside its defined interval
Zusätzlich: Es gab 50 oder mehr Warnungen (Anzeige der ersten 50 mit warnings())
Error in cop@copula@dacopula(u, theta, n.MC = n.MC, log = TRUE) : 
  theta is outside its defined interval
Zusätzlich: Warnmeldungen:
1: In bbmle::mle2(minuslogl = nLL, optimizer = "optimize", lower = interval[1],  :
  couldn't invert Hessian
2: In initOpt(cop@copula@name, interval = FALSE, u = u) :
  initOpt: DMLE for Gumbel = 0.948312401513502 < 1; is set to 1
3: In initOpt(cop@copula@name, interval = FALSE, u = u) :
  initOpt: DMLE for Gumbel = 0.948312401513502 < 1; is set to 1
4: In iTauGumbelCopula(copula, tau) :
  For the Gumbel copula, tau must be >= 0. Replacing negative values by 0.
Vine -- Error at seed: 25988  -  NA/NaN/Inf in 'y'
Error in cop@copula@dacopula(u, theta, n.MC = n.MC, log = TRUE) : 
  theta is outside its defined interval
Zusätzlich: Es gab 50 oder mehr Warnungen (Anzeige der ersten 50 mit warnings())
Error in cop@copula@dacopula(u, theta, n.MC = n.MC, log = TRUE) : 
  theta is outside its defined interval
Zusätzlich: Es gab 50 oder mehr Warnungen (Anzeige der ersten 50 mit warnings())
Error in cop@copula@dacopula(u, theta, n.MC = n.MC, log = TRUE) : 
  theta is outside its defined interval
Zusätzlich: Es gab 50 oder mehr Warnungen (Anzeige der ersten 50 mit warnings())
Error in cop@copula@dacopula(u, theta, n.MC = n.MC, log = TRUE) : 
  theta is outside its defined interval
Zusätzlich: Es gab 50 oder mehr Warnungen (Anzeige der ersten 50 mit warnings())
Es gab 50 oder mehr Warnungen (Anzeige der ersten 50 mit warnings())
 gab 50 oder mehr Warnungen (Anzeige der ersten 50 mit warnings())
Es gab 50 oder mehr Warnungen (Anzeige der ersten 50 mit warnings())

Es gab 50 oder mehr Warnungen (Anzeige der ersten 50 mit warnings())
